{"D:\\Movie_Rental_API_MAIN\\new_movie_rental_app\\index.js": {"path":"D:\\Movie_Rental_API_MAIN\\new_movie_rental_app\\index.js","statementMap":{"0":{"start":{"line":1,"column":16},"end":{"line":1,"column":34}},"1":{"start":{"line":6,"column":12},"end":{"line":6,"column":21}},"2":{"start":{"line":7,"column":0},"end":{"line":7,"column":31}},"3":{"start":{"line":8,"column":0},"end":{"line":8,"column":33}},"4":{"start":{"line":9,"column":0},"end":{"line":9,"column":26}},"5":{"start":{"line":10,"column":0},"end":{"line":10,"column":30}},"6":{"start":{"line":11,"column":0},"end":{"line":13,"column":1}},"7":{"start":{"line":12,"column":4},"end":{"line":12,"column":35}},"8":{"start":{"line":15,"column":0},"end":{"line":15,"column":20}}},"fnMap":{},"branchMap":{"0":{"loc":{"start":{"line":11,"column":0},"end":{"line":13,"column":1}},"type":"if","locations":[{"start":{"line":11,"column":0},"end":{"line":13,"column":1}},{"start":{},"end":{}}],"line":11}},"s":{"0":1,"1":1,"2":1,"3":1,"4":1,"5":1,"6":1,"7":0,"8":1},"f":{},"b":{"0":[0,1]},"_coverageSchema":"1a1c01bbd47fc00a2c39e90264f33305004495a9","hash":"d56a577c85ea85b650eea381563ca27a315aad32"}
,"D:\\Movie_Rental_API_MAIN\\new_movie_rental_app\\middleware\\admin.js": {"path":"D:\\Movie_Rental_API_MAIN\\new_movie_rental_app\\middleware\\admin.js","statementMap":{"0":{"start":{"line":1,"column":0},"end":{"line":10,"column":1}},"1":{"start":{"line":4,"column":4},"end":{"line":9,"column":5}},"2":{"start":{"line":5,"column":8},"end":{"line":5,"column":15}},"3":{"start":{"line":8,"column":8},"end":{"line":8,"column":58}}},"fnMap":{"0":{"name":"(anonymous_0)","decl":{"start":{"line":1,"column":17},"end":{"line":1,"column":18}},"loc":{"start":{"line":1,"column":43},"end":{"line":10,"column":1}},"line":1}},"branchMap":{"0":{"loc":{"start":{"line":4,"column":4},"end":{"line":9,"column":5}},"type":"if","locations":[{"start":{"line":4,"column":4},"end":{"line":9,"column":5}},{"start":{"line":7,"column":11},"end":{"line":9,"column":5}}],"line":4}},"s":{"0":1,"1":0,"2":0,"3":0},"f":{"0":0},"b":{"0":[0,0]},"_coverageSchema":"1a1c01bbd47fc00a2c39e90264f33305004495a9","hash":"d73089359a7b288e4e6ebdfb81b90898a6d9c1e4"}
,"D:\\Movie_Rental_API_MAIN\\new_movie_rental_app\\middleware\\auth.js": {"path":"D:\\Movie_Rental_API_MAIN\\new_movie_rental_app\\middleware\\auth.js","statementMap":{"0":{"start":{"line":1,"column":11},"end":{"line":1,"column":34}},"1":{"start":{"line":2,"column":14},"end":{"line":2,"column":31}},"2":{"start":{"line":4,"column":0},"end":{"line":18,"column":2}},"3":{"start":{"line":5,"column":18},"end":{"line":5,"column":44}},"4":{"start":{"line":6,"column":4},"end":{"line":6,"column":60}},"5":{"start":{"line":6,"column":15},"end":{"line":6,"column":60}},"6":{"start":{"line":8,"column":4},"end":{"line":16,"column":5}},"7":{"start":{"line":9,"column":23},"end":{"line":9,"column":70}},"8":{"start":{"line":10,"column":8},"end":{"line":10,"column":25}},"9":{"start":{"line":11,"column":8},"end":{"line":11,"column":14}},"10":{"start":{"line":15,"column":8},"end":{"line":15,"column":52}}},"fnMap":{"0":{"name":"(anonymous_0)","decl":{"start":{"line":4,"column":17},"end":{"line":4,"column":18}},"loc":{"start":{"line":4,"column":45},"end":{"line":18,"column":1}},"line":4}},"branchMap":{"0":{"loc":{"start":{"line":6,"column":4},"end":{"line":6,"column":60}},"type":"if","locations":[{"start":{"line":6,"column":4},"end":{"line":6,"column":60}},{"start":{},"end":{}}],"line":6}},"s":{"0":1,"1":1,"2":1,"3":14,"4":14,"5":1,"6":13,"7":13,"8":12,"9":12,"10":1},"f":{"0":14},"b":{"0":[1,13]},"_coverageSchema":"1a1c01bbd47fc00a2c39e90264f33305004495a9","hash":"7ac9b765bfa5d684de6e280ce7cbbe37c07521db"}
,"D:\\Movie_Rental_API_MAIN\\new_movie_rental_app\\middleware\\error.js": {"path":"D:\\Movie_Rental_API_MAIN\\new_movie_rental_app\\middleware\\error.js","statementMap":{"0":{"start":{"line":1,"column":16},"end":{"line":1,"column":34}},"1":{"start":{"line":2,"column":0},"end":{"line":7,"column":1}},"2":{"start":{"line":5,"column":4},"end":{"line":5,"column":33}},"3":{"start":{"line":6,"column":4},"end":{"line":6,"column":53}}},"fnMap":{"0":{"name":"(anonymous_0)","decl":{"start":{"line":2,"column":17},"end":{"line":2,"column":18}},"loc":{"start":{"line":2,"column":50},"end":{"line":7,"column":1}},"line":2}},"branchMap":{},"s":{"0":1,"1":1,"2":0,"3":0},"f":{"0":0},"b":{},"_coverageSchema":"1a1c01bbd47fc00a2c39e90264f33305004495a9","hash":"4690a808ed3e0d6bf51be4377cbc60dfc1eac964"}
,"D:\\Movie_Rental_API_MAIN\\new_movie_rental_app\\middleware\\validObjectId.js": {"path":"D:\\Movie_Rental_API_MAIN\\new_movie_rental_app\\middleware\\validObjectId.js","statementMap":{"0":{"start":{"line":1,"column":17},"end":{"line":1,"column":36}},"1":{"start":{"line":3,"column":0},"end":{"line":7,"column":2}},"2":{"start":{"line":4,"column":18},"end":{"line":4,"column":64}},"3":{"start":{"line":5,"column":2},"end":{"line":5,"column":58}},"4":{"start":{"line":5,"column":16},"end":{"line":5,"column":58}},"5":{"start":{"line":6,"column":2},"end":{"line":6,"column":9}}},"fnMap":{"0":{"name":"(anonymous_0)","decl":{"start":{"line":3,"column":17},"end":{"line":3,"column":18}},"loc":{"start":{"line":3,"column":43},"end":{"line":7,"column":1}},"line":3}},"branchMap":{"0":{"loc":{"start":{"line":5,"column":2},"end":{"line":5,"column":58}},"type":"if","locations":[{"start":{"line":5,"column":2},"end":{"line":5,"column":58}},{"start":{},"end":{}}],"line":5}},"s":{"0":1,"1":1,"2":13,"3":13,"4":4,"5":9},"f":{"0":13},"b":{"0":[4,9]},"_coverageSchema":"1a1c01bbd47fc00a2c39e90264f33305004495a9","hash":"455dc72060a67fcdf42e93c0f8a6a5fc5f7f94c2"}
,"D:\\Movie_Rental_API_MAIN\\new_movie_rental_app\\models\\customerModel.js": {"path":"D:\\Movie_Rental_API_MAIN\\new_movie_rental_app\\models\\customerModel.js","statementMap":{"0":{"start":{"line":1,"column":17},"end":{"line":1,"column":36}},"1":{"start":{"line":2,"column":12},"end":{"line":2,"column":26}},"2":{"start":{"line":4,"column":23},"end":{"line":22,"column":2}},"3":{"start":{"line":24,"column":17},"end":{"line":24,"column":60}},"4":{"start":{"line":27,"column":17},"end":{"line":31,"column":4}},"5":{"start":{"line":32,"column":2},"end":{"line":32,"column":35}},"6":{"start":{"line":35,"column":0},"end":{"line":35,"column":35}},"7":{"start":{"line":36,"column":0},"end":{"line":36,"column":51}}},"fnMap":{"0":{"name":"validateCustomer","decl":{"start":{"line":26,"column":9},"end":{"line":26,"column":25}},"loc":{"start":{"line":26,"column":36},"end":{"line":33,"column":1}},"line":26}},"branchMap":{},"s":{"0":1,"1":1,"2":1,"3":1,"4":5,"5":5,"6":1,"7":1},"f":{"0":5},"b":{},"_coverageSchema":"1a1c01bbd47fc00a2c39e90264f33305004495a9","hash":"65687bb8b02a7d0365c18ff0b9da2bb752d8dcbc"}
,"D:\\Movie_Rental_API_MAIN\\new_movie_rental_app\\models\\genreModel.js": {"path":"D:\\Movie_Rental_API_MAIN\\new_movie_rental_app\\models\\genreModel.js","statementMap":{"0":{"start":{"line":1,"column":17},"end":{"line":1,"column":36}},"1":{"start":{"line":2,"column":12},"end":{"line":2,"column":26}},"2":{"start":{"line":4,"column":20},"end":{"line":12,"column":2}},"3":{"start":{"line":14,"column":14},"end":{"line":14,"column":51}},"4":{"start":{"line":17,"column":17},"end":{"line":19,"column":4}},"5":{"start":{"line":20,"column":2},"end":{"line":20,"column":32}},"6":{"start":{"line":24,"column":0},"end":{"line":24,"column":29}},"7":{"start":{"line":25,"column":0},"end":{"line":25,"column":41}},"8":{"start":{"line":26,"column":0},"end":{"line":26,"column":45}}},"fnMap":{"0":{"name":"validateGenre","decl":{"start":{"line":16,"column":9},"end":{"line":16,"column":22}},"loc":{"start":{"line":16,"column":30},"end":{"line":21,"column":1}},"line":16}},"branchMap":{},"s":{"0":1,"1":1,"2":1,"3":1,"4":0,"5":0,"6":1,"7":1,"8":1},"f":{"0":0},"b":{},"_coverageSchema":"1a1c01bbd47fc00a2c39e90264f33305004495a9","hash":"96a4d722e10a081c734a2cc2e7be5b155e86420e"}
,"D:\\Movie_Rental_API_MAIN\\new_movie_rental_app\\models\\movieModel.js": {"path":"D:\\Movie_Rental_API_MAIN\\new_movie_rental_app\\models\\movieModel.js","statementMap":{"0":{"start":{"line":1,"column":17},"end":{"line":1,"column":36}},"1":{"start":{"line":2,"column":12},"end":{"line":2,"column":26}},"2":{"start":{"line":3,"column":0},"end":{"line":3,"column":44}},"3":{"start":{"line":4,"column":24},"end":{"line":4,"column":47}},"4":{"start":{"line":6,"column":20},"end":{"line":30,"column":2}},"5":{"start":{"line":33,"column":17},"end":{"line":38,"column":4}},"6":{"start":{"line":39,"column":2},"end":{"line":39,"column":32}},"7":{"start":{"line":42,"column":14},"end":{"line":42,"column":55}},"8":{"start":{"line":43,"column":0},"end":{"line":43,"column":41}},"9":{"start":{"line":44,"column":0},"end":{"line":44,"column":29}},"10":{"start":{"line":45,"column":0},"end":{"line":45,"column":45}}},"fnMap":{"0":{"name":"validateMovie","decl":{"start":{"line":32,"column":9},"end":{"line":32,"column":22}},"loc":{"start":{"line":32,"column":30},"end":{"line":40,"column":1}},"line":32}},"branchMap":{},"s":{"0":1,"1":1,"2":1,"3":1,"4":1,"5":0,"6":0,"7":1,"8":1,"9":1,"10":1},"f":{"0":0},"b":{},"_coverageSchema":"1a1c01bbd47fc00a2c39e90264f33305004495a9","hash":"fb37eb9b519e498f111eec92b965022fed8d080e"}
,"D:\\Movie_Rental_API_MAIN\\new_movie_rental_app\\models\\rentalModel.js": {"path":"D:\\Movie_Rental_API_MAIN\\new_movie_rental_app\\models\\rentalModel.js","statementMap":{"0":{"start":{"line":1,"column":17},"end":{"line":1,"column":36}},"1":{"start":{"line":2,"column":12},"end":{"line":2,"column":26}},"2":{"start":{"line":3,"column":0},"end":{"line":3,"column":44}},"3":{"start":{"line":5,"column":21},"end":{"line":48,"column":2}},"4":{"start":{"line":50,"column":15},"end":{"line":50,"column":58}},"5":{"start":{"line":53,"column":17},"end":{"line":56,"column":4}},"6":{"start":{"line":57,"column":2},"end":{"line":57,"column":33}},"7":{"start":{"line":60,"column":0},"end":{"line":60,"column":31}},"8":{"start":{"line":61,"column":0},"end":{"line":61,"column":47}}},"fnMap":{"0":{"name":"validateRental","decl":{"start":{"line":52,"column":9},"end":{"line":52,"column":23}},"loc":{"start":{"line":52,"column":32},"end":{"line":58,"column":1}},"line":52}},"branchMap":{},"s":{"0":1,"1":1,"2":1,"3":1,"4":1,"5":0,"6":0,"7":1,"8":1},"f":{"0":0},"b":{},"_coverageSchema":"1a1c01bbd47fc00a2c39e90264f33305004495a9","hash":"993cb7fbf6c54a5dbac9140d236ad91b55499ad5"}
,"D:\\Movie_Rental_API_MAIN\\new_movie_rental_app\\models\\userModel.js": {"path":"D:\\Movie_Rental_API_MAIN\\new_movie_rental_app\\models\\userModel.js","statementMap":{"0":{"start":{"line":1,"column":17},"end":{"line":1,"column":36}},"1":{"start":{"line":2,"column":12},"end":{"line":2,"column":26}},"2":{"start":{"line":3,"column":12},"end":{"line":3,"column":35}},"3":{"start":{"line":4,"column":15},"end":{"line":4,"column":32}},"4":{"start":{"line":6,"column":19},"end":{"line":30,"column":2}},"5":{"start":{"line":32,"column":1},"end":{"line":37,"column":2}},"6":{"start":{"line":33,"column":0},"end":{"line":36,"column":3}},"7":{"start":{"line":40,"column":17},"end":{"line":45,"column":4}},"8":{"start":{"line":46,"column":2},"end":{"line":46,"column":31}},"9":{"start":{"line":48,"column":13},"end":{"line":48,"column":48}},"10":{"start":{"line":49,"column":0},"end":{"line":49,"column":27}},"11":{"start":{"line":50,"column":0},"end":{"line":50,"column":43}}},"fnMap":{"0":{"name":"(anonymous_0)","decl":{"start":{"line":32,"column":52},"end":{"line":32,"column":53}},"loc":{"start":{"line":32,"column":64},"end":{"line":37,"column":1}},"line":32},"1":{"name":"validateUser","decl":{"start":{"line":39,"column":9},"end":{"line":39,"column":21}},"loc":{"start":{"line":39,"column":28},"end":{"line":47,"column":1}},"line":39}},"branchMap":{},"s":{"0":2,"1":2,"2":2,"3":2,"4":2,"5":2,"6":13,"7":0,"8":0,"9":2,"10":2,"11":2},"f":{"0":13,"1":0},"b":{},"_coverageSchema":"1a1c01bbd47fc00a2c39e90264f33305004495a9","hash":"515748a46f996a5be48522136bb10f6b3b7a448f"}
,"D:\\Movie_Rental_API_MAIN\\new_movie_rental_app\\routes\\customerRoutes.js": {"path":"D:\\Movie_Rental_API_MAIN\\new_movie_rental_app\\routes\\customerRoutes.js","statementMap":{"0":{"start":{"line":1,"column":16},"end":{"line":1,"column":34}},"1":{"start":{"line":2,"column":12},"end":{"line":2,"column":26}},"2":{"start":{"line":3,"column":15},"end":{"line":3,"column":31}},"3":{"start":{"line":4,"column":37},"end":{"line":4,"column":71}},"4":{"start":{"line":5,"column":13},"end":{"line":5,"column":42}},"5":{"start":{"line":6,"column":14},"end":{"line":6,"column":44}},"6":{"start":{"line":7,"column":22},"end":{"line":7,"column":60}},"7":{"start":{"line":9,"column":0},"end":{"line":18,"column":3}},"8":{"start":{"line":11,"column":22},"end":{"line":11,"column":45}},"9":{"start":{"line":12,"column":4},"end":{"line":13,"column":59}},"10":{"start":{"line":13,"column":8},"end":{"line":13,"column":59}},"11":{"start":{"line":17,"column":4},"end":{"line":17,"column":24}},"12":{"start":{"line":20,"column":0},"end":{"line":28,"column":3}},"13":{"start":{"line":22,"column":21},"end":{"line":22,"column":66}},"14":{"start":{"line":23,"column":4},"end":{"line":24,"column":58}},"15":{"start":{"line":24,"column":8},"end":{"line":24,"column":58}},"16":{"start":{"line":27,"column":4},"end":{"line":27,"column":23}},"17":{"start":{"line":30,"column":0},"end":{"line":45,"column":3}},"18":{"start":{"line":33,"column":20},"end":{"line":33,"column":46}},"19":{"start":{"line":35,"column":4},"end":{"line":38,"column":5}},"20":{"start":{"line":36,"column":4},"end":{"line":36,"column":37}},"21":{"start":{"line":37,"column":8},"end":{"line":37,"column":62}},"22":{"start":{"line":40,"column":21},"end":{"line":40,"column":104}},"23":{"start":{"line":42,"column":4},"end":{"line":42,"column":26}},"24":{"start":{"line":43,"column":4},"end":{"line":43,"column":23}},"25":{"start":{"line":47,"column":0},"end":{"line":61,"column":3}},"26":{"start":{"line":49,"column":21},"end":{"line":55,"column":19}},"27":{"start":{"line":56,"column":4},"end":{"line":60,"column":5}},"28":{"start":{"line":57,"column":8},"end":{"line":57,"column":58}},"29":{"start":{"line":59,"column":8},"end":{"line":59,"column":27}},"30":{"start":{"line":63,"column":0},"end":{"line":72,"column":3}},"31":{"start":{"line":65,"column":21},"end":{"line":65,"column":68}},"32":{"start":{"line":66,"column":4},"end":{"line":70,"column":5}},"33":{"start":{"line":67,"column":8},"end":{"line":67,"column":58}},"34":{"start":{"line":69,"column":8},"end":{"line":69,"column":27}},"35":{"start":{"line":74,"column":0},"end":{"line":74,"column":24}}},"fnMap":{"0":{"name":"(anonymous_0)","decl":{"start":{"line":9,"column":16},"end":{"line":9,"column":17}},"loc":{"start":{"line":9,"column":42},"end":{"line":18,"column":1}},"line":9},"1":{"name":"(anonymous_1)","decl":{"start":{"line":20,"column":34},"end":{"line":20,"column":35}},"loc":{"start":{"line":20,"column":54},"end":{"line":28,"column":1}},"line":20},"2":{"name":"(anonymous_2)","decl":{"start":{"line":30,"column":23},"end":{"line":30,"column":24}},"loc":{"start":{"line":30,"column":43},"end":{"line":45,"column":1}},"line":30},"3":{"name":"(anonymous_3)","decl":{"start":{"line":47,"column":40},"end":{"line":47,"column":41}},"loc":{"start":{"line":47,"column":60},"end":{"line":61,"column":1}},"line":47},"4":{"name":"(anonymous_4)","decl":{"start":{"line":63,"column":50},"end":{"line":63,"column":51}},"loc":{"start":{"line":63,"column":70},"end":{"line":72,"column":1}},"line":63}},"branchMap":{"0":{"loc":{"start":{"line":12,"column":4},"end":{"line":13,"column":59}},"type":"if","locations":[{"start":{"line":12,"column":4},"end":{"line":13,"column":59}},{"start":{},"end":{}}],"line":12},"1":{"loc":{"start":{"line":12,"column":8},"end":{"line":12,"column":42}},"type":"binary-expr","locations":[{"start":{"line":12,"column":8},"end":{"line":12,"column":17}},{"start":{"line":12,"column":21},"end":{"line":12,"column":42}}],"line":12},"2":{"loc":{"start":{"line":23,"column":4},"end":{"line":24,"column":58}},"type":"if","locations":[{"start":{"line":23,"column":4},"end":{"line":24,"column":58}},{"start":{},"end":{}}],"line":23},"3":{"loc":{"start":{"line":35,"column":4},"end":{"line":38,"column":5}},"type":"if","locations":[{"start":{"line":35,"column":4},"end":{"line":38,"column":5}},{"start":{},"end":{}}],"line":35},"4":{"loc":{"start":{"line":56,"column":4},"end":{"line":60,"column":5}},"type":"if","locations":[{"start":{"line":56,"column":4},"end":{"line":60,"column":5}},{"start":{"line":58,"column":11},"end":{"line":60,"column":5}}],"line":56},"5":{"loc":{"start":{"line":66,"column":4},"end":{"line":70,"column":5}},"type":"if","locations":[{"start":{"line":66,"column":4},"end":{"line":70,"column":5}},{"start":{"line":68,"column":11},"end":{"line":70,"column":5}}],"line":66}},"s":{"0":1,"1":1,"2":1,"3":1,"4":1,"5":1,"6":1,"7":1,"8":3,"9":3,"10":2,"11":1,"12":1,"13":2,"14":2,"15":2,"16":0,"17":1,"18":5,"19":5,"20":3,"21":3,"22":2,"23":2,"24":2,"25":1,"26":7,"27":7,"28":1,"29":6,"30":1,"31":0,"32":0,"33":0,"34":0,"35":1},"f":{"0":3,"1":2,"2":5,"3":7,"4":0},"b":{"0":[2,1],"1":[3,3],"2":[2,0],"3":[3,2],"4":[1,6],"5":[0,0]},"_coverageSchema":"1a1c01bbd47fc00a2c39e90264f33305004495a9","hash":"6648d95f4cae2d16caa8fa160249f8cb06e600fb"}
,"D:\\Movie_Rental_API_MAIN\\new_movie_rental_app\\routes\\genreRoutes.js": {"path":"D:\\Movie_Rental_API_MAIN\\new_movie_rental_app\\routes\\genreRoutes.js","statementMap":{"0":{"start":{"line":1,"column":16},"end":{"line":1,"column":34}},"1":{"start":{"line":2,"column":12},"end":{"line":2,"column":26}},"2":{"start":{"line":3,"column":15},"end":{"line":3,"column":31}},"3":{"start":{"line":4,"column":31},"end":{"line":4,"column":62}},"4":{"start":{"line":5,"column":13},"end":{"line":5,"column":42}},"5":{"start":{"line":6,"column":14},"end":{"line":6,"column":44}},"6":{"start":{"line":7,"column":22},"end":{"line":7,"column":60}},"7":{"start":{"line":10,"column":0},"end":{"line":19,"column":3}},"8":{"start":{"line":12,"column":19},"end":{"line":12,"column":39}},"9":{"start":{"line":13,"column":4},"end":{"line":15,"column":5}},"10":{"start":{"line":14,"column":8},"end":{"line":14,"column":56}},"11":{"start":{"line":16,"column":4},"end":{"line":16,"column":33}},"12":{"start":{"line":21,"column":0},"end":{"line":30,"column":3}},"13":{"start":{"line":23,"column":18},"end":{"line":23,"column":60}},"14":{"start":{"line":24,"column":4},"end":{"line":26,"column":5}},"15":{"start":{"line":25,"column":8},"end":{"line":25,"column":56}},"16":{"start":{"line":27,"column":4},"end":{"line":27,"column":32}},"17":{"start":{"line":32,"column":0},"end":{"line":43,"column":3}},"18":{"start":{"line":34,"column":20},"end":{"line":34,"column":43}},"19":{"start":{"line":35,"column":4},"end":{"line":36,"column":62}},"20":{"start":{"line":36,"column":8},"end":{"line":36,"column":62}},"21":{"start":{"line":38,"column":18},"end":{"line":38,"column":50}},"22":{"start":{"line":40,"column":4},"end":{"line":40,"column":23}},"23":{"start":{"line":41,"column":4},"end":{"line":41,"column":20}},"24":{"start":{"line":45,"column":0},"end":{"line":65,"column":3}},"25":{"start":{"line":47,"column":20},"end":{"line":47,"column":43}},"26":{"start":{"line":48,"column":4},"end":{"line":49,"column":62}},"27":{"start":{"line":49,"column":8},"end":{"line":49,"column":62}},"28":{"start":{"line":52,"column":18},"end":{"line":58,"column":19}},"29":{"start":{"line":59,"column":4},"end":{"line":63,"column":5}},"30":{"start":{"line":60,"column":8},"end":{"line":60,"column":43}},"31":{"start":{"line":62,"column":8},"end":{"line":62,"column":24}},"32":{"start":{"line":67,"column":0},"end":{"line":76,"column":3}},"33":{"start":{"line":69,"column":18},"end":{"line":69,"column":69}},"34":{"start":{"line":70,"column":4},"end":{"line":74,"column":5}},"35":{"start":{"line":71,"column":8},"end":{"line":71,"column":55}},"36":{"start":{"line":73,"column":8},"end":{"line":73,"column":24}},"37":{"start":{"line":78,"column":0},"end":{"line":78,"column":24}}},"fnMap":{"0":{"name":"(anonymous_0)","decl":{"start":{"line":10,"column":16},"end":{"line":10,"column":17}},"loc":{"start":{"line":10,"column":36},"end":{"line":19,"column":1}},"line":10},"1":{"name":"(anonymous_1)","decl":{"start":{"line":21,"column":34},"end":{"line":21,"column":35}},"loc":{"start":{"line":21,"column":54},"end":{"line":30,"column":1}},"line":21},"2":{"name":"(anonymous_2)","decl":{"start":{"line":32,"column":23},"end":{"line":32,"column":24}},"loc":{"start":{"line":32,"column":43},"end":{"line":43,"column":1}},"line":32},"3":{"name":"(anonymous_3)","decl":{"start":{"line":45,"column":34},"end":{"line":45,"column":35}},"loc":{"start":{"line":45,"column":54},"end":{"line":65,"column":1}},"line":45},"4":{"name":"(anonymous_4)","decl":{"start":{"line":67,"column":50},"end":{"line":67,"column":51}},"loc":{"start":{"line":67,"column":70},"end":{"line":76,"column":1}},"line":67}},"branchMap":{"0":{"loc":{"start":{"line":13,"column":4},"end":{"line":15,"column":5}},"type":"if","locations":[{"start":{"line":13,"column":4},"end":{"line":15,"column":5}},{"start":{},"end":{}}],"line":13},"1":{"loc":{"start":{"line":13,"column":8},"end":{"line":13,"column":36}},"type":"binary-expr","locations":[{"start":{"line":13,"column":8},"end":{"line":13,"column":14}},{"start":{"line":13,"column":18},"end":{"line":13,"column":36}}],"line":13},"2":{"loc":{"start":{"line":24,"column":4},"end":{"line":26,"column":5}},"type":"if","locations":[{"start":{"line":24,"column":4},"end":{"line":26,"column":5}},{"start":{},"end":{}}],"line":24},"3":{"loc":{"start":{"line":24,"column":8},"end":{"line":24,"column":34}},"type":"binary-expr","locations":[{"start":{"line":24,"column":8},"end":{"line":24,"column":13}},{"start":{"line":24,"column":17},"end":{"line":24,"column":34}}],"line":24},"4":{"loc":{"start":{"line":35,"column":4},"end":{"line":36,"column":62}},"type":"if","locations":[{"start":{"line":35,"column":4},"end":{"line":36,"column":62}},{"start":{},"end":{}}],"line":35},"5":{"loc":{"start":{"line":48,"column":4},"end":{"line":49,"column":62}},"type":"if","locations":[{"start":{"line":48,"column":4},"end":{"line":49,"column":62}},{"start":{},"end":{}}],"line":48},"6":{"loc":{"start":{"line":59,"column":4},"end":{"line":63,"column":5}},"type":"if","locations":[{"start":{"line":59,"column":4},"end":{"line":63,"column":5}},{"start":{"line":61,"column":11},"end":{"line":63,"column":5}}],"line":59},"7":{"loc":{"start":{"line":70,"column":4},"end":{"line":74,"column":5}},"type":"if","locations":[{"start":{"line":70,"column":4},"end":{"line":74,"column":5}},{"start":{"line":72,"column":11},"end":{"line":74,"column":5}}],"line":70}},"s":{"0":1,"1":1,"2":1,"3":1,"4":1,"5":1,"6":1,"7":1,"8":0,"9":0,"10":0,"11":0,"12":1,"13":0,"14":0,"15":0,"16":0,"17":1,"18":0,"19":0,"20":0,"21":0,"22":0,"23":0,"24":1,"25":0,"26":0,"27":0,"28":0,"29":0,"30":0,"31":0,"32":1,"33":0,"34":0,"35":0,"36":0,"37":1},"f":{"0":0,"1":0,"2":0,"3":0,"4":0},"b":{"0":[0,0],"1":[0,0],"2":[0,0],"3":[0,0],"4":[0,0],"5":[0,0],"6":[0,0],"7":[0,0]},"_coverageSchema":"1a1c01bbd47fc00a2c39e90264f33305004495a9","hash":"18d420b551e80810051377abc02cf5840d34458c"}
,"D:\\Movie_Rental_API_MAIN\\new_movie_rental_app\\routes\\loginRoutes.js": {"path":"D:\\Movie_Rental_API_MAIN\\new_movie_rental_app\\routes\\loginRoutes.js","statementMap":{"0":{"start":{"line":1,"column":16},"end":{"line":1,"column":34}},"1":{"start":{"line":2,"column":12},"end":{"line":2,"column":26}},"2":{"start":{"line":3,"column":15},"end":{"line":3,"column":31}},"3":{"start":{"line":4,"column":15},"end":{"line":4,"column":45}},"4":{"start":{"line":5,"column":15},"end":{"line":5,"column":32}},"5":{"start":{"line":6,"column":12},"end":{"line":6,"column":35}},"6":{"start":{"line":9,"column":0},"end":{"line":32,"column":3}},"7":{"start":{"line":11,"column":20},"end":{"line":11,"column":42}},"8":{"start":{"line":12,"column":4},"end":{"line":13,"column":62}},"9":{"start":{"line":13,"column":8},"end":{"line":13,"column":62}},"10":{"start":{"line":17,"column":15},"end":{"line":17,"column":60}},"11":{"start":{"line":18,"column":4},"end":{"line":19,"column":54}},"12":{"start":{"line":19,"column":8},"end":{"line":19,"column":54}},"13":{"start":{"line":23,"column":18},"end":{"line":23,"column":72}},"14":{"start":{"line":25,"column":4},"end":{"line":26,"column":68}},"15":{"start":{"line":26,"column":8},"end":{"line":26,"column":68}},"16":{"start":{"line":29,"column":17},"end":{"line":29,"column":36}},"17":{"start":{"line":30,"column":4},"end":{"line":30,"column":19}},"18":{"start":{"line":35,"column":19},"end":{"line":35,"column":138}},"19":{"start":{"line":36,"column":4},"end":{"line":36,"column":33}},"20":{"start":{"line":40,"column":0},"end":{"line":40,"column":24}}},"fnMap":{"0":{"name":"(anonymous_0)","decl":{"start":{"line":9,"column":17},"end":{"line":9,"column":18}},"loc":{"start":{"line":9,"column":37},"end":{"line":32,"column":1}},"line":9},"1":{"name":"validateUser","decl":{"start":{"line":34,"column":9},"end":{"line":34,"column":21}},"loc":{"start":{"line":34,"column":28},"end":{"line":37,"column":1}},"line":34}},"branchMap":{"0":{"loc":{"start":{"line":12,"column":4},"end":{"line":13,"column":62}},"type":"if","locations":[{"start":{"line":12,"column":4},"end":{"line":13,"column":62}},{"start":{},"end":{}}],"line":12},"1":{"loc":{"start":{"line":18,"column":4},"end":{"line":19,"column":54}},"type":"if","locations":[{"start":{"line":18,"column":4},"end":{"line":19,"column":54}},{"start":{},"end":{}}],"line":18},"2":{"loc":{"start":{"line":25,"column":4},"end":{"line":26,"column":68}},"type":"if","locations":[{"start":{"line":25,"column":4},"end":{"line":26,"column":68}},{"start":{},"end":{}}],"line":25}},"s":{"0":1,"1":1,"2":1,"3":1,"4":1,"5":1,"6":1,"7":0,"8":0,"9":0,"10":0,"11":0,"12":0,"13":0,"14":0,"15":0,"16":0,"17":0,"18":0,"19":0,"20":1},"f":{"0":0,"1":0},"b":{"0":[0,0],"1":[0,0],"2":[0,0]},"_coverageSchema":"1a1c01bbd47fc00a2c39e90264f33305004495a9","hash":"d9a930faa809b1337ef45557d1af2f7eeaa73d2d"}
,"D:\\Movie_Rental_API_MAIN\\new_movie_rental_app\\routes\\movieRoutes.js": {"path":"D:\\Movie_Rental_API_MAIN\\new_movie_rental_app\\routes\\movieRoutes.js","statementMap":{"0":{"start":{"line":1,"column":16},"end":{"line":1,"column":34}},"1":{"start":{"line":2,"column":18},"end":{"line":2,"column":49}},"2":{"start":{"line":3,"column":15},"end":{"line":3,"column":31}},"3":{"start":{"line":4,"column":33},"end":{"line":4,"column":64}},"4":{"start":{"line":7,"column":13},"end":{"line":7,"column":42}},"5":{"start":{"line":8,"column":14},"end":{"line":8,"column":44}},"6":{"start":{"line":9,"column":22},"end":{"line":9,"column":60}},"7":{"start":{"line":12,"column":0},"end":{"line":18,"column":3}},"8":{"start":{"line":14,"column":19},"end":{"line":14,"column":39}},"9":{"start":{"line":15,"column":4},"end":{"line":15,"column":72}},"10":{"start":{"line":15,"column":17},"end":{"line":15,"column":72}},"11":{"start":{"line":16,"column":4},"end":{"line":16,"column":21}},"12":{"start":{"line":20,"column":0},"end":{"line":26,"column":3}},"13":{"start":{"line":22,"column":18},"end":{"line":22,"column":53}},"14":{"start":{"line":23,"column":4},"end":{"line":23,"column":70}},"15":{"start":{"line":23,"column":16},"end":{"line":23,"column":70}},"16":{"start":{"line":24,"column":4},"end":{"line":24,"column":20}},"17":{"start":{"line":28,"column":0},"end":{"line":48,"column":3}},"18":{"start":{"line":30,"column":22},"end":{"line":30,"column":45}},"19":{"start":{"line":31,"column":4},"end":{"line":33,"column":5}},"20":{"start":{"line":32,"column":6},"end":{"line":32,"column":60}},"21":{"start":{"line":34,"column":18},"end":{"line":34,"column":56}},"22":{"start":{"line":35,"column":4},"end":{"line":35,"column":63}},"23":{"start":{"line":35,"column":16},"end":{"line":35,"column":63}},"24":{"start":{"line":36,"column":18},"end":{"line":44,"column":6}},"25":{"start":{"line":45,"column":4},"end":{"line":45,"column":23}},"26":{"start":{"line":46,"column":4},"end":{"line":46,"column":20}},"27":{"start":{"line":50,"column":0},"end":{"line":74,"column":3}},"28":{"start":{"line":52,"column":22},"end":{"line":52,"column":45}},"29":{"start":{"line":53,"column":4},"end":{"line":53,"column":50}},"30":{"start":{"line":53,"column":15},"end":{"line":53,"column":50}},"31":{"start":{"line":54,"column":18},"end":{"line":54,"column":56}},"32":{"start":{"line":55,"column":4},"end":{"line":55,"column":68}},"33":{"start":{"line":55,"column":16},"end":{"line":55,"column":68}},"34":{"start":{"line":56,"column":16},"end":{"line":56,"column":29}},"35":{"start":{"line":57,"column":18},"end":{"line":71,"column":5}},"36":{"start":{"line":72,"column":4},"end":{"line":72,"column":20}},"37":{"start":{"line":75,"column":0},"end":{"line":82,"column":3}},"38":{"start":{"line":77,"column":16},"end":{"line":77,"column":29}},"39":{"start":{"line":78,"column":18},"end":{"line":78,"column":52}},"40":{"start":{"line":79,"column":4},"end":{"line":79,"column":67}},"41":{"start":{"line":79,"column":16},"end":{"line":79,"column":67}},"42":{"start":{"line":80,"column":4},"end":{"line":80,"column":20}},"43":{"start":{"line":84,"column":0},"end":{"line":84,"column":24}}},"fnMap":{"0":{"name":"(anonymous_0)","decl":{"start":{"line":12,"column":16},"end":{"line":12,"column":17}},"loc":{"start":{"line":12,"column":36},"end":{"line":18,"column":1}},"line":12},"1":{"name":"(anonymous_1)","decl":{"start":{"line":20,"column":35},"end":{"line":20,"column":36}},"loc":{"start":{"line":20,"column":55},"end":{"line":26,"column":1}},"line":20},"2":{"name":"(anonymous_2)","decl":{"start":{"line":28,"column":22},"end":{"line":28,"column":23}},"loc":{"start":{"line":28,"column":42},"end":{"line":48,"column":1}},"line":28},"3":{"name":"(anonymous_3)","decl":{"start":{"line":50,"column":39},"end":{"line":50,"column":40}},"loc":{"start":{"line":50,"column":59},"end":{"line":74,"column":1}},"line":50},"4":{"name":"(anonymous_4)","decl":{"start":{"line":75,"column":50},"end":{"line":75,"column":51}},"loc":{"start":{"line":75,"column":70},"end":{"line":82,"column":1}},"line":75}},"branchMap":{"0":{"loc":{"start":{"line":15,"column":4},"end":{"line":15,"column":72}},"type":"if","locations":[{"start":{"line":15,"column":4},"end":{"line":15,"column":72}},{"start":{},"end":{}}],"line":15},"1":{"loc":{"start":{"line":23,"column":4},"end":{"line":23,"column":70}},"type":"if","locations":[{"start":{"line":23,"column":4},"end":{"line":23,"column":70}},{"start":{},"end":{}}],"line":23},"2":{"loc":{"start":{"line":31,"column":4},"end":{"line":33,"column":5}},"type":"if","locations":[{"start":{"line":31,"column":4},"end":{"line":33,"column":5}},{"start":{},"end":{}}],"line":31},"3":{"loc":{"start":{"line":35,"column":4},"end":{"line":35,"column":63}},"type":"if","locations":[{"start":{"line":35,"column":4},"end":{"line":35,"column":63}},{"start":{},"end":{}}],"line":35},"4":{"loc":{"start":{"line":53,"column":4},"end":{"line":53,"column":50}},"type":"if","locations":[{"start":{"line":53,"column":4},"end":{"line":53,"column":50}},{"start":{},"end":{}}],"line":53},"5":{"loc":{"start":{"line":55,"column":4},"end":{"line":55,"column":68}},"type":"if","locations":[{"start":{"line":55,"column":4},"end":{"line":55,"column":68}},{"start":{},"end":{}}],"line":55},"6":{"loc":{"start":{"line":79,"column":4},"end":{"line":79,"column":67}},"type":"if","locations":[{"start":{"line":79,"column":4},"end":{"line":79,"column":67}},{"start":{},"end":{}}],"line":79}},"s":{"0":1,"1":1,"2":1,"3":1,"4":1,"5":1,"6":1,"7":1,"8":0,"9":0,"10":0,"11":0,"12":1,"13":0,"14":0,"15":0,"16":0,"17":1,"18":0,"19":0,"20":0,"21":0,"22":0,"23":0,"24":0,"25":0,"26":0,"27":1,"28":0,"29":0,"30":0,"31":0,"32":0,"33":0,"34":0,"35":0,"36":0,"37":1,"38":0,"39":0,"40":0,"41":0,"42":0,"43":1},"f":{"0":0,"1":0,"2":0,"3":0,"4":0},"b":{"0":[0,0],"1":[0,0],"2":[0,0],"3":[0,0],"4":[0,0],"5":[0,0],"6":[0,0]},"_coverageSchema":"1a1c01bbd47fc00a2c39e90264f33305004495a9","hash":"7e464f3fa6e9e307ee071d072d6379085a01e12f"}
,"D:\\Movie_Rental_API_MAIN\\new_movie_rental_app\\routes\\rentalRoutes.js": {"path":"D:\\Movie_Rental_API_MAIN\\new_movie_rental_app\\routes\\rentalRoutes.js","statementMap":{"0":{"start":{"line":1,"column":16},"end":{"line":1,"column":34}},"1":{"start":{"line":2,"column":19},"end":{"line":2,"column":53}},"2":{"start":{"line":3,"column":16},"end":{"line":3,"column":47}},"3":{"start":{"line":4,"column":15},"end":{"line":4,"column":31}},"4":{"start":{"line":5,"column":33},"end":{"line":5,"column":65}},"5":{"start":{"line":6,"column":13},"end":{"line":6,"column":42}},"6":{"start":{"line":7,"column":14},"end":{"line":7,"column":44}},"7":{"start":{"line":8,"column":22},"end":{"line":8,"column":60}},"8":{"start":{"line":10,"column":0},"end":{"line":20,"column":3}},"9":{"start":{"line":12,"column":23},"end":{"line":12,"column":42}},"10":{"start":{"line":13,"column":8},"end":{"line":14,"column":59}},"11":{"start":{"line":14,"column":12},"end":{"line":14,"column":59}},"12":{"start":{"line":18,"column":8},"end":{"line":18,"column":25}},"13":{"start":{"line":22,"column":0},"end":{"line":28,"column":3}},"14":{"start":{"line":24,"column":23},"end":{"line":24,"column":59}},"15":{"start":{"line":25,"column":8},"end":{"line":26,"column":59}},"16":{"start":{"line":26,"column":12},"end":{"line":26,"column":59}},"17":{"start":{"line":30,"column":0},"end":{"line":83,"column":3}},"18":{"start":{"line":32,"column":24},"end":{"line":32,"column":48}},"19":{"start":{"line":33,"column":8},"end":{"line":34,"column":66}},"20":{"start":{"line":34,"column":12},"end":{"line":34,"column":66}},"21":{"start":{"line":37,"column":25},"end":{"line":37,"column":69}},"22":{"start":{"line":38,"column":8},"end":{"line":39,"column":71}},"23":{"start":{"line":39,"column":12},"end":{"line":39,"column":71}},"24":{"start":{"line":42,"column":22},"end":{"line":42,"column":60}},"25":{"start":{"line":43,"column":8},"end":{"line":44,"column":68}},"26":{"start":{"line":44,"column":12},"end":{"line":44,"column":68}},"27":{"start":{"line":47,"column":8},"end":{"line":48,"column":62}},"28":{"start":{"line":48,"column":12},"end":{"line":48,"column":62}},"29":{"start":{"line":51,"column":23},"end":{"line":63,"column":10}},"30":{"start":{"line":64,"column":24},"end":{"line":64,"column":51}},"31":{"start":{"line":65,"column":8},"end":{"line":65,"column":35}},"32":{"start":{"line":66,"column":8},"end":{"line":82,"column":9}},"33":{"start":{"line":67,"column":12},"end":{"line":67,"column":32}},"34":{"start":{"line":69,"column":12},"end":{"line":73,"column":15}},"35":{"start":{"line":74,"column":12},"end":{"line":74,"column":40}},"36":{"start":{"line":75,"column":12},"end":{"line":75,"column":33}},"37":{"start":{"line":76,"column":12},"end":{"line":76,"column":29}},"38":{"start":{"line":78,"column":12},"end":{"line":78,"column":39}},"39":{"start":{"line":79,"column":12},"end":{"line":79,"column":33}},"40":{"start":{"line":80,"column":12},"end":{"line":80,"column":39}},"41":{"start":{"line":81,"column":12},"end":{"line":81,"column":64}},"42":{"start":{"line":85,"column":0},"end":{"line":106,"column":3}},"43":{"start":{"line":86,"column":15},"end":{"line":86,"column":28}},"44":{"start":{"line":87,"column":20},"end":{"line":87,"column":47}},"45":{"start":{"line":88,"column":4},"end":{"line":88,"column":31}},"46":{"start":{"line":90,"column":23},"end":{"line":94,"column":23}},"47":{"start":{"line":95,"column":20},"end":{"line":95,"column":36}},"48":{"start":{"line":96,"column":8},"end":{"line":100,"column":11}},"49":{"start":{"line":102,"column":8},"end":{"line":102,"column":36}},"50":{"start":{"line":103,"column":8},"end":{"line":103,"column":29}},"51":{"start":{"line":104,"column":8},"end":{"line":104,"column":25}},"52":{"start":{"line":108,"column":0},"end":{"line":123,"column":3}},"53":{"start":{"line":110,"column":20},"end":{"line":110,"column":47}},"54":{"start":{"line":111,"column":4},"end":{"line":111,"column":31}},"55":{"start":{"line":113,"column":19},"end":{"line":113,"column":64}},"56":{"start":{"line":114,"column":4},"end":{"line":118,"column":20}},"57":{"start":{"line":119,"column":4},"end":{"line":119,"column":32}},"58":{"start":{"line":120,"column":4},"end":{"line":120,"column":25}},"59":{"start":{"line":121,"column":4},"end":{"line":121,"column":21}},"60":{"start":{"line":124,"column":0},"end":{"line":124,"column":24}}},"fnMap":{"0":{"name":"(anonymous_0)","decl":{"start":{"line":10,"column":16},"end":{"line":10,"column":17}},"loc":{"start":{"line":10,"column":36},"end":{"line":20,"column":1}},"line":10},"1":{"name":"(anonymous_1)","decl":{"start":{"line":22,"column":40},"end":{"line":22,"column":41}},"loc":{"start":{"line":22,"column":60},"end":{"line":28,"column":1}},"line":22},"2":{"name":"(anonymous_2)","decl":{"start":{"line":30,"column":23},"end":{"line":30,"column":24}},"loc":{"start":{"line":30,"column":43},"end":{"line":83,"column":1}},"line":30},"3":{"name":"(anonymous_3)","decl":{"start":{"line":85,"column":42},"end":{"line":85,"column":43}},"loc":{"start":{"line":85,"column":62},"end":{"line":106,"column":1}},"line":85},"4":{"name":"(anonymous_4)","decl":{"start":{"line":108,"column":50},"end":{"line":108,"column":51}},"loc":{"start":{"line":108,"column":70},"end":{"line":123,"column":1}},"line":108}},"branchMap":{"0":{"loc":{"start":{"line":13,"column":8},"end":{"line":14,"column":59}},"type":"if","locations":[{"start":{"line":13,"column":8},"end":{"line":14,"column":59}},{"start":{},"end":{}}],"line":13},"1":{"loc":{"start":{"line":25,"column":8},"end":{"line":26,"column":59}},"type":"if","locations":[{"start":{"line":25,"column":8},"end":{"line":26,"column":59}},{"start":{},"end":{}}],"line":25},"2":{"loc":{"start":{"line":33,"column":8},"end":{"line":34,"column":66}},"type":"if","locations":[{"start":{"line":33,"column":8},"end":{"line":34,"column":66}},{"start":{},"end":{}}],"line":33},"3":{"loc":{"start":{"line":38,"column":8},"end":{"line":39,"column":71}},"type":"if","locations":[{"start":{"line":38,"column":8},"end":{"line":39,"column":71}},{"start":{},"end":{}}],"line":38},"4":{"loc":{"start":{"line":43,"column":8},"end":{"line":44,"column":68}},"type":"if","locations":[{"start":{"line":43,"column":8},"end":{"line":44,"column":68}},{"start":{},"end":{}}],"line":43},"5":{"loc":{"start":{"line":47,"column":8},"end":{"line":48,"column":62}},"type":"if","locations":[{"start":{"line":47,"column":8},"end":{"line":48,"column":62}},{"start":{},"end":{}}],"line":47}},"s":{"0":1,"1":1,"2":1,"3":1,"4":1,"5":1,"6":1,"7":1,"8":1,"9":0,"10":0,"11":0,"12":0,"13":1,"14":0,"15":0,"16":0,"17":1,"18":0,"19":0,"20":0,"21":0,"22":0,"23":0,"24":0,"25":0,"26":0,"27":0,"28":0,"29":0,"30":0,"31":0,"32":0,"33":0,"34":0,"35":0,"36":0,"37":0,"38":0,"39":0,"40":0,"41":0,"42":1,"43":0,"44":0,"45":0,"46":0,"47":0,"48":0,"49":0,"50":0,"51":0,"52":1,"53":0,"54":0,"55":0,"56":0,"57":0,"58":0,"59":0,"60":1},"f":{"0":0,"1":0,"2":0,"3":0,"4":0},"b":{"0":[0,0],"1":[0,0],"2":[0,0],"3":[0,0],"4":[0,0],"5":[0,0]},"_coverageSchema":"1a1c01bbd47fc00a2c39e90264f33305004495a9","hash":"53177b96aa621c530f1f1f7c3d04b6d4fd1205c6"}
,"D:\\Movie_Rental_API_MAIN\\new_movie_rental_app\\routes\\userRoutes.js": {"path":"D:\\Movie_Rental_API_MAIN\\new_movie_rental_app\\routes\\userRoutes.js","statementMap":{"0":{"start":{"line":1,"column":16},"end":{"line":1,"column":34}},"1":{"start":{"line":2,"column":12},"end":{"line":2,"column":43}},"2":{"start":{"line":3,"column":12},"end":{"line":3,"column":26}},"3":{"start":{"line":4,"column":15},"end":{"line":4,"column":31}},"4":{"start":{"line":5,"column":29},"end":{"line":5,"column":59}},"5":{"start":{"line":6,"column":10},"end":{"line":6,"column":27}},"6":{"start":{"line":7,"column":15},"end":{"line":7,"column":32}},"7":{"start":{"line":8,"column":13},"end":{"line":8,"column":42}},"8":{"start":{"line":9,"column":14},"end":{"line":9,"column":44}},"9":{"start":{"line":10,"column":22},"end":{"line":10,"column":60}},"10":{"start":{"line":12,"column":0},"end":{"line":20,"column":3}},"11":{"start":{"line":14,"column":22},"end":{"line":14,"column":41}},"12":{"start":{"line":15,"column":8},"end":{"line":16,"column":58}},"13":{"start":{"line":16,"column":12},"end":{"line":16,"column":58}},"14":{"start":{"line":18,"column":8},"end":{"line":18,"column":23}},"15":{"start":{"line":22,"column":0},"end":{"line":29,"column":3}},"16":{"start":{"line":24,"column":21},"end":{"line":24,"column":62}},"17":{"start":{"line":25,"column":8},"end":{"line":26,"column":57}},"18":{"start":{"line":26,"column":12},"end":{"line":26,"column":57}},"19":{"start":{"line":31,"column":0},"end":{"line":53,"column":3}},"20":{"start":{"line":33,"column":24},"end":{"line":33,"column":46}},"21":{"start":{"line":34,"column":8},"end":{"line":35,"column":66}},"22":{"start":{"line":35,"column":12},"end":{"line":35,"column":66}},"23":{"start":{"line":37,"column":19},"end":{"line":37,"column":62}},"24":{"start":{"line":38,"column":8},"end":{"line":39,"column":68}},"25":{"start":{"line":39,"column":12},"end":{"line":39,"column":68}},"26":{"start":{"line":41,"column":8},"end":{"line":46,"column":15}},"27":{"start":{"line":48,"column":21},"end":{"line":48,"column":45}},"28":{"start":{"line":49,"column":8},"end":{"line":49,"column":63}},"29":{"start":{"line":50,"column":8},"end":{"line":50,"column":26}},"30":{"start":{"line":51,"column":8},"end":{"line":51,"column":68}},"31":{"start":{"line":56,"column":0},"end":{"line":72,"column":3}},"32":{"start":{"line":58,"column":21},"end":{"line":65,"column":23}},"33":{"start":{"line":66,"column":8},"end":{"line":70,"column":9}},"34":{"start":{"line":67,"column":12},"end":{"line":67,"column":58}},"35":{"start":{"line":69,"column":12},"end":{"line":69,"column":27}},"36":{"start":{"line":74,"column":0},"end":{"line":83,"column":3}},"37":{"start":{"line":76,"column":21},"end":{"line":76,"column":64}},"38":{"start":{"line":77,"column":8},"end":{"line":78,"column":58}},"39":{"start":{"line":78,"column":12},"end":{"line":78,"column":58}},"40":{"start":{"line":81,"column":8},"end":{"line":81,"column":23}},"41":{"start":{"line":85,"column":0},"end":{"line":85,"column":24}}},"fnMap":{"0":{"name":"(anonymous_0)","decl":{"start":{"line":12,"column":16},"end":{"line":12,"column":17}},"loc":{"start":{"line":12,"column":36},"end":{"line":20,"column":1}},"line":12},"1":{"name":"(anonymous_1)","decl":{"start":{"line":22,"column":36},"end":{"line":22,"column":37}},"loc":{"start":{"line":22,"column":56},"end":{"line":29,"column":1}},"line":22},"2":{"name":"(anonymous_2)","decl":{"start":{"line":31,"column":18},"end":{"line":31,"column":19}},"loc":{"start":{"line":31,"column":38},"end":{"line":53,"column":1}},"line":31},"3":{"name":"(anonymous_3)","decl":{"start":{"line":56,"column":34},"end":{"line":56,"column":35}},"loc":{"start":{"line":56,"column":54},"end":{"line":72,"column":1}},"line":56},"4":{"name":"(anonymous_4)","decl":{"start":{"line":74,"column":37},"end":{"line":74,"column":38}},"loc":{"start":{"line":74,"column":57},"end":{"line":83,"column":1}},"line":74}},"branchMap":{"0":{"loc":{"start":{"line":15,"column":8},"end":{"line":16,"column":58}},"type":"if","locations":[{"start":{"line":15,"column":8},"end":{"line":16,"column":58}},{"start":{},"end":{}}],"line":15},"1":{"loc":{"start":{"line":25,"column":8},"end":{"line":26,"column":57}},"type":"if","locations":[{"start":{"line":25,"column":8},"end":{"line":26,"column":57}},{"start":{},"end":{}}],"line":25},"2":{"loc":{"start":{"line":34,"column":8},"end":{"line":35,"column":66}},"type":"if","locations":[{"start":{"line":34,"column":8},"end":{"line":35,"column":66}},{"start":{},"end":{}}],"line":34},"3":{"loc":{"start":{"line":38,"column":8},"end":{"line":39,"column":68}},"type":"if","locations":[{"start":{"line":38,"column":8},"end":{"line":39,"column":68}},{"start":{},"end":{}}],"line":38},"4":{"loc":{"start":{"line":66,"column":8},"end":{"line":70,"column":9}},"type":"if","locations":[{"start":{"line":66,"column":8},"end":{"line":70,"column":9}},{"start":{"line":68,"column":15},"end":{"line":70,"column":9}}],"line":66},"5":{"loc":{"start":{"line":77,"column":8},"end":{"line":78,"column":58}},"type":"if","locations":[{"start":{"line":77,"column":8},"end":{"line":78,"column":58}},{"start":{},"end":{}}],"line":77}},"s":{"0":1,"1":1,"2":1,"3":1,"4":1,"5":1,"6":1,"7":1,"8":1,"9":1,"10":1,"11":0,"12":0,"13":0,"14":0,"15":1,"16":0,"17":0,"18":0,"19":1,"20":0,"21":0,"22":0,"23":0,"24":0,"25":0,"26":0,"27":0,"28":0,"29":0,"30":0,"31":1,"32":0,"33":0,"34":0,"35":0,"36":1,"37":0,"38":0,"39":0,"40":0,"41":1},"f":{"0":0,"1":0,"2":0,"3":0,"4":0},"b":{"0":[0,0],"1":[0,0],"2":[0,0],"3":[0,0],"4":[0,0],"5":[0,0]},"_coverageSchema":"1a1c01bbd47fc00a2c39e90264f33305004495a9","hash":"f7220764a670c096c549646270b2f7702816f903"}
,"D:\\Movie_Rental_API_MAIN\\new_movie_rental_app\\startup\\config.js": {"path":"D:\\Movie_Rental_API_MAIN\\new_movie_rental_app\\startup\\config.js","statementMap":{"0":{"start":{"line":1,"column":15},"end":{"line":1,"column":32}},"1":{"start":{"line":3,"column":0},"end":{"line":10,"column":1}},"2":{"start":{"line":4,"column":4},"end":{"line":9,"column":5}},"3":{"start":{"line":5,"column":8},"end":{"line":5,"column":63}},"4":{"start":{"line":7,"column":8},"end":{"line":7,"column":24}}},"fnMap":{"0":{"name":"(anonymous_0)","decl":{"start":{"line":3,"column":15},"end":{"line":3,"column":16}},"loc":{"start":{"line":3,"column":25},"end":{"line":10,"column":1}},"line":3}},"branchMap":{"0":{"loc":{"start":{"line":4,"column":4},"end":{"line":9,"column":5}},"type":"if","locations":[{"start":{"line":4,"column":4},"end":{"line":9,"column":5}},{"start":{},"end":{}}],"line":4}},"s":{"0":1,"1":1,"2":1,"3":0,"4":0},"f":{"0":1},"b":{"0":[0,1]},"_coverageSchema":"1a1c01bbd47fc00a2c39e90264f33305004495a9","hash":"55bc711b90fa8dd9410e1d9fb26d33ab5865367e"}
,"D:\\Movie_Rental_API_MAIN\\new_movie_rental_app\\startup\\db.js": {"path":"D:\\Movie_Rental_API_MAIN\\new_movie_rental_app\\startup\\db.js","statementMap":{"0":{"start":{"line":1,"column":17},"end":{"line":1,"column":36}},"1":{"start":{"line":2,"column":15},"end":{"line":2,"column":32}},"2":{"start":{"line":6,"column":0},"end":{"line":13,"column":1}},"3":{"start":{"line":9,"column":4},"end":{"line":11,"column":7}},"4":{"start":{"line":10,"column":8},"end":{"line":10,"column":72}}},"fnMap":{"0":{"name":"(anonymous_0)","decl":{"start":{"line":6,"column":17},"end":{"line":6,"column":18}},"loc":{"start":{"line":6,"column":29},"end":{"line":13,"column":1}},"line":6},"1":{"name":"(anonymous_1)","decl":{"start":{"line":9,"column":59},"end":{"line":9,"column":60}},"loc":{"start":{"line":9,"column":65},"end":{"line":11,"column":5}},"line":9}},"branchMap":{},"s":{"0":1,"1":1,"2":1,"3":1,"4":1},"f":{"0":1,"1":1},"b":{},"_coverageSchema":"1a1c01bbd47fc00a2c39e90264f33305004495a9","hash":"d1ba0c61c88e292fe7d2efa8de08fb7db62a9ded"}
,"D:\\Movie_Rental_API_MAIN\\new_movie_rental_app\\startup\\logging.js": {"path":"D:\\Movie_Rental_API_MAIN\\new_movie_rental_app\\startup\\logging.js","statementMap":{"0":{"start":{"line":1,"column":16},"end":{"line":1,"column":34}},"1":{"start":{"line":2,"column":0},"end":{"line":2,"column":31}},"2":{"start":{"line":5,"column":0},"end":{"line":23,"column":2}},"3":{"start":{"line":7,"column":4},"end":{"line":13,"column":7}},"4":{"start":{"line":14,"column":4},"end":{"line":17,"column":7}},"5":{"start":{"line":15,"column":8},"end":{"line":15,"column":67}},"6":{"start":{"line":16,"column":8},"end":{"line":16,"column":23}},"7":{"start":{"line":19,"column":4},"end":{"line":22,"column":6}},"8":{"start":{"line":20,"column":8},"end":{"line":20,"column":68}},"9":{"start":{"line":21,"column":8},"end":{"line":21,"column":23}}},"fnMap":{"0":{"name":"(anonymous_0)","decl":{"start":{"line":5,"column":17},"end":{"line":5,"column":18}},"loc":{"start":{"line":5,"column":29},"end":{"line":23,"column":1}},"line":5},"1":{"name":"(anonymous_1)","decl":{"start":{"line":14,"column":36},"end":{"line":14,"column":37}},"loc":{"start":{"line":14,"column":50},"end":{"line":17,"column":5}},"line":14},"2":{"name":"(anonymous_2)","decl":{"start":{"line":19,"column":37},"end":{"line":19,"column":38}},"loc":{"start":{"line":19,"column":51},"end":{"line":22,"column":5}},"line":19}},"branchMap":{},"s":{"0":1,"1":1,"2":1,"3":1,"4":1,"5":0,"6":0,"7":1,"8":0,"9":0},"f":{"0":1,"1":0,"2":0},"b":{},"_coverageSchema":"1a1c01bbd47fc00a2c39e90264f33305004495a9","hash":"03ac47deb359efb4d90556f4708a705415ce2ced"}
,"D:\\Movie_Rental_API_MAIN\\new_movie_rental_app\\startup\\routes.js": {"path":"D:\\Movie_Rental_API_MAIN\\new_movie_rental_app\\startup\\routes.js","statementMap":{"0":{"start":{"line":1,"column":16},"end":{"line":1,"column":34}},"1":{"start":{"line":2,"column":20},"end":{"line":2,"column":52}},"2":{"start":{"line":3,"column":23},"end":{"line":3,"column":58}},"3":{"start":{"line":4,"column":20},"end":{"line":4,"column":52}},"4":{"start":{"line":5,"column":21},"end":{"line":5,"column":54}},"5":{"start":{"line":6,"column":19},"end":{"line":6,"column":50}},"6":{"start":{"line":7,"column":20},"end":{"line":7,"column":52}},"7":{"start":{"line":8,"column":14},"end":{"line":8,"column":44}},"8":{"start":{"line":12,"column":0},"end":{"line":22,"column":1}},"9":{"start":{"line":13,"column":4},"end":{"line":13,"column":28}},"10":{"start":{"line":14,"column":4},"end":{"line":14,"column":40}},"11":{"start":{"line":15,"column":4},"end":{"line":15,"column":46}},"12":{"start":{"line":16,"column":4},"end":{"line":16,"column":40}},"13":{"start":{"line":17,"column":4},"end":{"line":17,"column":42}},"14":{"start":{"line":18,"column":4},"end":{"line":18,"column":38}},"15":{"start":{"line":19,"column":4},"end":{"line":19,"column":39}},"16":{"start":{"line":20,"column":4},"end":{"line":20,"column":19}}},"fnMap":{"0":{"name":"(anonymous_0)","decl":{"start":{"line":12,"column":17},"end":{"line":12,"column":18}},"loc":{"start":{"line":12,"column":32},"end":{"line":22,"column":1}},"line":12}},"branchMap":{},"s":{"0":1,"1":1,"2":1,"3":1,"4":1,"5":1,"6":1,"7":1,"8":1,"9":1,"10":1,"11":1,"12":1,"13":1,"14":1,"15":1,"16":1},"f":{"0":1},"b":{},"_coverageSchema":"1a1c01bbd47fc00a2c39e90264f33305004495a9","hash":"476a5a5a3e87bb9a1c38ef8b60358b18e9d7536f"}
}
